----------------------------------------
Exception occurred during processing of request from ('127.0.0.1', 62353)
Traceback (most recent call last):
  File "C:\Python314\Lib\socketserver.py", line 697, in process_request_thread
    self.finish_request(request, client_address)
    ~~~~~~~~~~~~~~~~~~~^^^^^^^^^^^^^^^^^^^^^^^^^
  File "C:\Python314\Lib\socketserver.py", line 362, in finish_request
    self.RequestHandlerClass(request, client_address, self)
    ~~~~~~~~~~~~~~~~~~~~~~~~^^^^^^^^^^^^^^^^^^^^^^^^^^^^^^^
  File "C:\Python314\Lib\socketserver.py", line 766, in __init__
    self.handle()
    ~~~~~~~~~~~^^
  File "C:\Python314\Lib\http\server.py", line 496, in handle
    self.handle_one_request()
    ~~~~~~~~~~~~~~~~~~~~~~~^^
  File "C:\Python314\Lib\http\server.py", line 484, in handle_one_request
    method()
    ~~~~~~^^
  File "E:\AI_Project\opencode_workspace\KB1\src\enterprise_agent_kb\api_server.py", line 70, in do_GET
    self._write_json(HTTPStatus.OK, {"documents": self._list_documents()})
                                                  ~~~~~~~~~~~~~~~~~~~~^^
  File "E:\AI_Project\opencode_workspace\KB1\src\enterprise_agent_kb\api_server.py", line 406, in _list_documents
    connection = connect(AppPaths.from_root(self.server.workspace_root).db_file)
                         ^^^^^^^^
NameError: name 'AppPaths' is not defined
----------------------------------------
